Arguments: 
  /opt/homebrew/Cellar/node/17.9.0/bin/node /opt/homebrew/bin/yarn run build

PATH: 
  /opt/homebrew/Cellar/pyenv-virtualenv/1.1.5/shims:/opt/homebrew/bin:/opt/homebrew/bin:/Users/woozin/opt/anaconda3/bin:/Library/Frameworks/Python.framework/Versions/3.9/bin:/usr/local/bin:/usr/bin:/bin:/usr/sbin:/sbin:/usr/local/m1-homebrew/bin

Yarn version: 
  1.22.18

Node version: 
  17.9.0

Platform: 
  darwin arm64

Trace: 
  SyntaxError: /Users/woozin/JSPractice/WooJin/2nd_seminar/level2/assignment/package.json: Unexpected end of JSON input
      at JSON.parse (<anonymous>)
      at /opt/homebrew/lib/node_modules/yarn/lib/cli.js:1625:59
      at Generator.next (<anonymous>)
      at step (/opt/homebrew/lib/node_modules/yarn/lib/cli.js:310:30)
      at /opt/homebrew/lib/node_modules/yarn/lib/cli.js:321:13

npm manifest: 
  

yarn manifest: 
  No manifest

Lockfile: 
  # THIS IS AN AUTOGENERATED FILE. DO NOT EDIT THIS FILE DIRECTLY.
  # yarn lockfile v1
